Nome: aardonyx
Especie: celestae
Tipo: sauropod
Dieta: herbivorous
Lugar que habitava: South Africa
Tamanho: 8.0 m
Velocidade: 38 km/h

Nome: abelisaurus
Especie: comahuensis
Tipo: large theropod
Dieta: carnivorous
Lugar que habitava: Argentina
Velocidade: 20 km/h

Nome: achelousaurus
Especie: horneri
Tipo: ceratopsian
Dieta: herbivorous
Tamanho: 6.0 m
Velocidade: 38 km/h

Nome: achillobator
Especie: giganteus
Tipo: large theropod
Dieta: carnivorous
Lugar que habitava: Mongolia
Tamanho: 5.0 m
Velocidade: 45 km/h

Nome: acrocanthosaurus
Especie: atokensis
Tipo: large theropod
Dieta: carnivorous
Lugar que habitava: USA
Tamanho: 12.0 m
Velocidade: 38 km/h

Nome: aegyptosaurus
Especie: baharijensis
Tipo: sauropod
Dieta: herbivorous
Lugar que habitava: Egypt
Tamanho: 15.0 m
Velocidade: 33 km/h

Nome: afrovenator
Especie: abakensis
Tipo: large theropod
Dieta: carnivorous
Lugar que habitava: Niger
Tamanho: 9.0 m
Velocidade: 56 km/h

Nome: agilisaurus
Especie: louderbacki
Dieta: herbivorous

Nome: alamosaurus
Especie: sanjuanensis
Tipo: sauropod
Dieta: herbivorous
Tamanho: 21.0 m
Velocidade: 330 hm/h

Nome: albertaceratops
Especie: nesmoi
Tipo: ceratopsian
Dieta: herbivorous
Lugar que habitava: USA
Tamanho: 7.0 m
Velocidade: 45 km/h

Nome: albertosaurus
Especie: libratus
Tipo: large theropod
Dieta: carnivorous
Lugar que habitava: Canada
Tamanho: 9.0 m
Velocidade: 25 km/h

Nome: alectrosaurus
Especie: olseni
Tipo: large theropod
Dieta: carnivorous
Lugar que habitava: Mongolia
Tamanho: 5.0 m
Velocidade: 4500000 cm/h

Nome: alioramus
Especie: remotus
Tipo: large theropod
Dieta: carnivorous
Lugar que habitava: Mongolia

Nome: allosaurus
Especie: fragilis
Tipo: large theropod
Dieta: carnivorous
Lugar que habitava: USA
Tamanho: 12.0 m

Nome: alvarezsaurus
Especie: calvoi
Tipo: small theropod
Dieta: carnivorous
Lugar que habitava: Argentina
Tamanho: 2.0 m
Velocidade: 38 km/h

Nome: amargasaurus
Especie: cazaui
Tipo: sauropod
Dieta: herbivorous
Lugar que habitava: Argentina
Tamanho: 12.0 m
Velocidade: 6 km/h

Nome: ammosaurus
Especie: major
Tipo: sauropod
Dieta: herbivorous
Lugar que habitava: USA
Tamanho: 5.0 m
Velocidade: 600000 cm/h

Nome: ampelosaurus
Especie: atacis
Tipo: sauropod
Dieta: herbivorous
Lugar que habitava: France
Tamanho: 15.0 m
Velocidade: 560 hm/h

Nome: amygdalodon
Especie: patagonicus
Tipo: sauropod
Dieta: herbivorous
Tamanho: 15.0 m
Velocidade: 580 hm/h

Nome: anchiceratops
Especie: ornatus
Tipo: ceratopsian
Dieta: herbivorous
Velocidade: 450 hm/h

Nome: anchisaurus
Especie: polyzelous
Tipo: sauropod
Dieta: herbivorous
Tamanho: 2.0 m
Velocidade: 4500000 cm/h

Nome: ankylosaurus
Especie: magniventris
Tipo: armoured dinosaur
Dieta: herbivorous
Lugar que habitava: USA
Tamanho: 7.0 m
Velocidade: 32 km/h

Nome: anserimimus
Especie: planinychus
Dieta: carnivorous
Lugar que habitava: Mongolia
Tamanho: 3.5 m
Velocidade: 440 hm/h

Nome: antarctosaurus
Especie: wichmannianus
Tipo: sauropod
Dieta: herbivorous
Lugar que habitava: Uruguay
Tamanho: 18.0 m
Velocidade: 60 hm/h

Nome: apatosaurus
Especie: ajax
Tipo: sauropod
Dieta: herbivorous
Lugar que habitava: USA
Tamanho: 21.0 m
Velocidade: 4400000 cm/h

Nome: aragosaurus
Especie: ischiadicus
Dieta: herbivorous
Lugar que habitava: Spain
Velocidade: 380 hm/h

Nome: aralosaurus
Especie: tuberiferus
Tipo: euornithopod
Dieta: herbivorous
Lugar que habitava: Kazakhstan
Tamanho: 8.0 m
Velocidade: 4400000 cm/h

Nome: archaeoceratops
Especie: oshimai
Tipo: ceratopsian
Dieta: herbivorous
Lugar que habitava: China
Tamanho: 1.3 m
Velocidade: 32 km/h

Nome: archaeopteryx
Especie: lithographica
Tipo: small theropod
Dieta: carnivorous
Lugar que habitava: Germany
Tamanho: 0.5 m
Velocidade: 3300000 cm/h

Nome: archaeornithomimus
Especie: asiaticus
Tipo: small theropod
Dieta: carnivorous
Lugar que habitava: Uzbekistan
Tamanho: 3.5 m
Velocidade: 3200000 cm/h

Nome: argentinosaurus
Especie: huinculensis
Tipo: sauropod
Dieta: herbivorous
Lugar que habitava: Argentina
Tamanho: 35.0 m
Velocidade: 4400000 cm/h

Nome: arrhinoceratops
Especie: brachyops
Dieta: herbivorous
Lugar que habitava: Canada
Tamanho: 6.0 m
Velocidade: 3200000 cm/h

Nome: atlascopcosaurus
Especie: loadsi
Tipo: euornithopod
Dieta: herbivorous
Lugar que habitava: Australia
Tamanho: 3.0 m
Velocidade: 25 km/h

Nome: aucasaurus
Especie: garridoi
Tipo: large theropod
Dieta: carnivorous
Lugar que habitava: Argentina
Tamanho: 5.0 m
Velocidade: 38 km/h

Nome: austrosaurus
Especie: mckillopi
Dieta: herbivorous
Velocidade: 450 hm/h

Nome: avaceratops
Especie: lammersi
Tipo: ceratopsian
Dieta: herbivorous
Lugar que habitava: USA
Tamanho: 2.3 m
Velocidade: 33 km/h

Nome: avimimus
Especie: portentosus
Tipo: small theropod
Dieta: omnivorous
Lugar que habitava: Mongolia
Tamanho: 1.5 m
Velocidade: 45 km/h

Nome: bactrosaurus
Especie: johnsoni
Tipo: euornithopod
Dieta: herbivorous
Lugar que habitava: China
Tamanho: 6.0 m
Velocidade: 60 hm/h

Nome: bagaceratops
Especie: rozhdestvenskyi
Tipo: ceratopsian
Dieta: herbivorous

Nome: bambiraptor
Especie: feinbergorum
Tipo: small theropod
Dieta: carnivorous
Tamanho: 1.0 m
Velocidade: 45 km/h

Nome: barapasaurus
Especie: tagorei
Tipo: sauropod
Dieta: herbivorous
Lugar que habitava: India
Tamanho: 14.0 m

Nome: barosaurus
Especie: lentus
Tipo: sauropod
Dieta: herbivorous
Lugar que habitava: USA
Tamanho: 24.0 m
Velocidade: 3800000 cm/h

Nome: baryonyx
Especie: walkeri
Dieta: carnivorous
Lugar que habitava: United Kingdom
Tamanho: 10.0 m
Velocidade: 3300000 cm/h

Nome: becklespinax
Especie: altispinax
Tipo: large theropod
Dieta: carnivorous
Tamanho: 5.0 m
Velocidade: 560 hm/h

Nome: beipiaosaurus
Especie: inexpectus
Tipo: small theropod
Dieta: omnivorous
Lugar que habitava: China
Tamanho: 2.0 m
Velocidade: 60 hm/h

Nome: bellusaurus
Especie: sui
Tipo: sauropod
Dieta: herbivorous
Lugar que habitava: China
Tamanho: 5.0 m
Velocidade: 250 hm/h

Nome: borogovia
Especie: gracilicrus
Tipo: small theropod
Dieta: carnivorous
Velocidade: 5600000 cm/h

Nome: brachiosaurus
Especie: altithorax
Tipo: sauropod
Dieta: herbivorous
Lugar que habitava: USA
Velocidade: 38 km/h

Nome: brachylophosaurus
Especie: canadensis
Tipo: euornithopod
Dieta: herbivorous
Tamanho: 7.0 m
Velocidade: 4500000 cm/h

Nome: brachytrachelopan
Especie: mesai
Tipo: sauropod
Dieta: herbivorous
Lugar que habitava: Argentina
Tamanho: 10.0 m
Velocidade: 250 hm/h

Nome: buitreraptor
Especie: gonzalezorum
Dieta: carnivorous
Lugar que habitava: Argentina
Tamanho: 1.3 m
Velocidade: 32 km/h

Nome: camarasaurus
Especie: supremus
Dieta: herbivorous
Tamanho: 23.0 m
Velocidade: 44 km/h

Nome: camptosaurus
Especie: dispar
Tipo: euornithopod
Dieta: herbivorous
Velocidade: 2500000 cm/h

Nome: carcharodontosaurus
Especie: saharicus
Tipo: large theropod
Dieta: carnivorous
Tamanho: 15.0 m
Velocidade: 450 hm/h

Nome: carnotaurus
Especie: sastrei
Tipo: large theropod
Dieta: carnivorous
Lugar que habitava: Argentina
Tamanho: 7.6 m
Velocidade: 3800000 cm/h

Nome: caudipteryx
Especie: zoui
Tipo: small theropod
Dieta: omnivorous
Lugar que habitava: China
Tamanho: 1.0 m
Velocidade: 58 km/h

Nome: cedarpelta
Especie: bilbeyhallorum
Tipo: armoured dinosaur
Dieta: herbivorous
Lugar que habitava: USA
Tamanho: 10.0 m
Velocidade: 4400000 cm/h

Nome: centrosaurus
Especie: gonzalezorum
Tipo: ceratopsian
Dieta: herbivorous
Lugar que habitava: Canada
Tamanho: 6.0 m

Nome: ceratosaurus
Especie: nasicornis
Dieta: carnivorous
Lugar que habitava: USA
Tamanho: 6.0 m
Velocidade: 6000000 cm/h

Nome: cetiosauriscus
Especie: stewarti
Tipo: sauropod
Dieta: herbivorous
Tamanho: 15.0 m

Nome: cetiosaurus
Especie: oxoniensis
Tipo: sauropod
Dieta: herbivorous
Lugar que habitava: United Kingdom
Velocidade: 250 hm/h

Nome: chaoyangsaurus
Especie: youngi
Tipo: ceratopsian
Dieta: herbivorous
Lugar que habitava: China
Tamanho: 1.1 m

Nome: chasmosaurus
Especie: gonzalezorum
Tipo: ceratopsian
Dieta: herbivorous
Tamanho: 5.0 m
Velocidade: 450 hm/h

Nome: chindesaurus
Especie: bryansmalli
Tipo: small theropod
Dieta: carnivorous
Lugar que habitava: USA
Tamanho: 4.0 m
Velocidade: 38 km/h

Nome: chinshakiangosaurus
Especie: zhongheensis
Tipo: sauropod
Dieta: herbivorous
Lugar que habitava: China
Tamanho: 11.0 m
Velocidade: 3200000 cm/h

Nome: chirostenotes
Especie: pergracilis
Tipo: small theropod
Dieta: omnivorous
Lugar que habitava: Canada
Tamanho: 1.7 m
Velocidade: 4500000 cm/h

Nome: chubutisaurus
Especie: insignis
Tipo: sauropod
Dieta: herbivorous
Lugar que habitava: Argentina
Velocidade: 600000 cm/h

Nome: chungkingosaurus
Especie: jiangbeiensis
Dieta: herbivorous
Lugar que habitava: China
Tamanho: 4.0 m
Velocidade: 45 km/h

Nome: citipati
Especie: osmolskae
Tipo: small theropod
Dieta: omnivorous
Lugar que habitava: Mongolia
Tamanho: 2.1 m
Velocidade: 45 km/h

Nome: coelophysis
Especie: gonzalezorum
Tipo: small theropod
Dieta: carnivorous
Tamanho: 2.0 m

Nome: coelurus
Especie: fragilis
Tipo: small theropod
Dieta: carnivorous
Tamanho: 1.8 m

Nome: coloradisaurus
Especie: brevis
Tipo: sauropod
Dieta: omnivorous
Tamanho: 4.0 m
Velocidade: 250 hm/h

Nome: compsognathus
Especie: longipes
Tipo: small theropod
Dieta: carnivorous
Tamanho: 0.6 m
Velocidade: 450 hm/h

Nome: conchoraptor
Especie: gracilis
Tipo: small theropod
Dieta: carnivorous
Lugar que habitava: Mongolia
Tamanho: 1.5 m
Velocidade: 560 hm/h

Nome: confuciusornis
Especie: sanctus
Tipo: small theropod
Dieta: carnivorous
Lugar que habitava: China
Tamanho: 0.2 m

Nome: corythosaurus
Especie: casuarius
Tipo: euornithopod
Dieta: herbivorous
Lugar que habitava: USA
Tamanho: 10.0 m
Velocidade: 3800000 cm/h

Nome: cryolophosaurus
Especie: elliotti
Tipo: large theropod
Dieta: carnivorous
Lugar que habitava: Antarctica
Tamanho: 8.0 m
Velocidade: 5800000 cm/h

Nome: dacentrurus
Especie: armatus
Tipo: armoured dinosaur
Dieta: herbivorous
Lugar que habitava: United Kingdom
Velocidade: 60 hm/h

Nome: daspletosaurus
Especie: torosus
Tipo: large theropod
Dieta: carnivorous
Lugar que habitava: Canada
Tamanho: 9.0 m

Nome: datousaurus
Especie: bashanensis
Tipo: sauropod
Dieta: herbivorous
Tamanho: 15.0 m
Velocidade: 3800000 cm/h

Nome: deinocheirus
Especie: mirificus
Tipo: large theropod
Dieta: omnivorous
Lugar que habitava: Mongolia
Tamanho: 10.0 m
Velocidade: 380 hm/h

Nome: deinonychus
Especie: antirrhopus
Tipo: small theropod
Dieta: carnivorous
Lugar que habitava: USA
Tamanho: 3.0 m
Velocidade: 6 km/h

Nome: deltadromeus
Especie: agilis
Dieta: carnivorous
Tamanho: 8.1 m
Velocidade: 560 hm/h

Nome: dicraeosaurus
Especie: hansemanni
Tipo: sauropod
Dieta: herbivorous
Lugar que habitava: Tanzania
Tamanho: 20.0 m
Velocidade: 38 km/h

Nome: dilophosaurus
Especie: gonzalezorum
Tipo: large theropod
Dieta: carnivorous
Lugar que habitava: USA
Tamanho: 6.0 m
Velocidade: 5800000 cm/h

Nome: diplodocus
Especie: longus
Tipo: sauropod
Dieta: herbivorous
Lugar que habitava: USA
Tamanho: 26.0 m
Velocidade: 380 hm/h

Nome: dromaeosaurus
Especie: albertensis
Tipo: small theropod
Dieta: carnivorous
Tamanho: 1.8 m
Velocidade: 3800000 cm/h

Nome: dromiceiomimus
Especie: brevitertius
Tipo: large theropod
Dieta: omnivorous
Tamanho: 3.5 m
Velocidade: 38 km/h

Nome: dryosaurus
Especie: altus
Tipo: euornithopod
Dieta: herbivorous
Tamanho: 4.0 m
Velocidade: 32 km/h

Nome: dryptosaurus
Especie: aquilunguis
Tipo: large theropod
Dieta: carnivorous
Lugar que habitava: USA
Tamanho: 6.4 m
Velocidade: 32 km/h

Nome: dubreuillosaurus
Especie: valesdunensis
Tipo: large theropod
Dieta: carnivorous
Tamanho: 5.0 m
Velocidade: 5600000 cm/h

Nome: edmontonia
Especie: longiceps
Tipo: armoured dinosaur
Dieta: herbivorous
Lugar que habitava: Canada

Nome: edmontosaurus
Especie: regalis
Tipo: euornithopod
Dieta: herbivorous
Lugar que habitava: Canada
Tamanho: 13.0 m
Velocidade: 3800000 cm/h

Nome: einiosaurus
Especie: procurvicornis
Tipo: ceratopsian
Dieta: herbivorous
Velocidade: 4500000 cm/h

Nome: elaphrosaurus
Especie: bambergi
Tipo: large theropod
Dieta: carnivorous
Tamanho: 6.2 m

Nome: emausaurus
Especie: ernsti
Tipo: armoured dinosaur
Dieta: herbivorous
Lugar que habitava: Germany
Tamanho: 2.0 m
Velocidade: 5600000 cm/h

Nome: eolambia
Especie: caroljonesa
Tipo: euornithopod
Dieta: herbivorous
Lugar que habitava: USA
Tamanho: 3.2 m
Velocidade: 33 km/h

Nome: eoraptor
Especie: lunensis
Tipo: small theropod
Dieta: carnivorous
Lugar que habitava: Argentina
Tamanho: 1.0 m

Nome: eotyrannus
Especie: lengi
Tipo: large theropod
Dieta: carnivorous
Lugar que habitava: United Kingdom
Tamanho: 5.0 m

Nome: equijubus
Especie: normani
Tipo: euornithopod
Dieta: herbivorous
Lugar que habitava: China
Tamanho: 12.0 m
Velocidade: 44 km/h

Nome: erketu
Especie: ellisoni
Tipo: sauropod
Dieta: herbivorous
Tamanho: 15.0 m
Velocidade: 250 hm/h

Nome: erlikosaurus
Especie: andrewsi
Tipo: small theropod
Dieta: omnivorous
Lugar que habitava: Mongolia
Tamanho: 3.4 m
Velocidade: 440 hm/h

Nome: euhelopus
Especie: zdanskyi
Dieta: herbivorous
Lugar que habitava: China
Tamanho: 10.0 m
Velocidade: 5800000 cm/h

Nome: euoplocephalus
Especie: gonzalezorum
Tipo: armoured dinosaur
Dieta: herbivorous
Lugar que habitava: USA
Velocidade: 32 km/h

Nome: europasaurus
Especie: holgeri
Tipo: sauropod
Dieta: herbivorous
Lugar que habitava: Germany
Tamanho: 6.2 m
Velocidade: 32 km/h

Nome: eustreptospondylus
Especie: oxoniensis
Tipo: large theropod
Dieta: carnivorous
Tamanho: 7.0 m
Velocidade: 25 km/h

Nome: fukuiraptor
Especie: kitadaniensis
Tipo: large theropod
Dieta: carnivorous
Lugar que habitava: Japan
Tamanho: 4.2 m
Velocidade: 600 hm/h

Nome: fukuisaurus
Especie: tetoriensius
Tipo: euornithopod
Dieta: herbivorous
Lugar que habitava: Japan
Tamanho: 4.7 m
Velocidade: 60 hm/h

Nome: gallimimus
Especie: bullatus
Tipo: large theropod
Dieta: omnivorous
Lugar que habitava: Mongolia
Tamanho: 6.0 m
Velocidade: 56 km/h

Nome: gargoyleosaurus
Especie: parkpinorum
Tipo: armoured dinosaur
Dieta: herbivorous
Tamanho: 4.0 m
Velocidade: 45 km/h

Nome: garudimimus
Especie: brevipes
Tipo: large theropod
Dieta: omnivorous
Lugar que habitava: Mongolia
Tamanho: 4.7 m
Velocidade: 25 km/h

Nome: gasosaurus
Especie: constructus
Tipo: small theropod
Dieta: carnivorous
Lugar que habitava: China
Tamanho: 4.0 m

Nome: gasparinisaura
Especie: cincosaltensis
Tipo: euornithopod
Dieta: herbivorous
Tamanho: 0.8 m
Velocidade: 60 hm/h

Nome: gastonia
Especie: burgei
Tipo: armoured dinosaur
Dieta: herbivorous
Lugar que habitava: USA
Velocidade: 38 km/h

Nome: giganotosaurus
Especie: carolinii
Tipo: large theropod
Dieta: carnivorous
Lugar que habitava: Argentina
Tamanho: 12.5 m
Velocidade: 45 km/h

Nome: gilmoreosaurus
Especie: mongoliensis
Tipo: euornithopod
Dieta: herbivorous
Lugar que habitava: China
Tamanho: 6.0 m
Velocidade: 4500000 cm/h

Nome: giraffatitan
Especie: brancai
Dieta: herbivorous
Lugar que habitava: Tanzania
Tamanho: 23.0 m

Nome: gobisaurus
Especie: domoculus
Tipo: armoured dinosaur
Dieta: herbivorous
Lugar que habitava: China
Tamanho: 5.0 m
Velocidade: 5800000 cm/h

Nome: gorgosaurus
Especie: libratus
Tipo: large theropod
Dieta: carnivorous
Tamanho: 8.6 m
Velocidade: 380 hm/h

Nome: goyocephale
Especie: lattimorei
Tipo: large theropod
Dieta: herbivorous
Lugar que habitava: Mongolia
Tamanho: 2.0 m
Velocidade: 38 km/h

Nome: graciliceratops
Especie: mongoliensis
Dieta: herbivorous
Lugar que habitava: Mongolia
Tamanho: 1.0 m
Velocidade: 25 km/h

Nome: gryposaurus
Especie: notabilis
Dieta: herbivorous
Tamanho: 10.0 m
Velocidade: 4500000 cm/h

Nome: guaibasaurus
Especie: candelariensis
Tipo: small theropod
Dieta: herbivorous
Lugar que habitava: Brazil
Tamanho: 1.8 m
Velocidade: 560 hm/h

Nome: guanlong
Especie: wucaii
Tipo: small theropod
Dieta: carnivorous
Tamanho: 3.0 m
Velocidade: 5800000 cm/h

Nome: hadrosaurus
Especie: foulkii
Tipo: euornithopod
Dieta: herbivorous
Lugar que habitava: USA
Tamanho: 9.0 m
Velocidade: 600000 cm/h

Nome: hagryphus
Especie: giganteus
Dieta: omnivorous
Lugar que habitava: USA
Tamanho: 3.0 m
Velocidade: 2500000 cm/h

Nome: haplocanthosaurus
Especie: priscus
Tipo: sauropod
Dieta: herbivorous
Lugar que habitava: USA
Tamanho: 21.5 m
Velocidade: 600000 cm/h

Nome: harpymimus
Especie: okladnikovi
Tipo: small theropod
Dieta: omnivorous
Lugar que habitava: Mongolia
Tamanho: 2.0 m
Velocidade: 25 km/h

Nome: herrerasaurus
Especie: ischigualastensis
Tipo: small theropod
Dieta: carnivorous
Lugar que habitava: Argentina
Velocidade: 25 km/h

Nome: hesperosaurus
Especie: mjosi
Tipo: armoured dinosaur
Dieta: herbivorous
Lugar que habitava: USA
Tamanho: 6.0 m
Velocidade: 2500000 cm/h

Nome: heterodontosaurus
Especie: tucki
Tipo: euornithopod
Dieta: herbivorous
Lugar que habitava: South Africa
Tamanho: 1.2 m
Velocidade: 450 hm/h

Nome: heyuannia
Especie: yanshini
Tipo: small theropod
Dieta: omnivorous
Tamanho: 2.0 m
Velocidade: 560 hm/h

Nome: homalocephale
Especie: calathocercos
Tipo: euornithopod
Dieta: herbivorous
Lugar que habitava: Mongolia
Tamanho: 1.5 m
Velocidade: 250 hm/h

Nome: huayangosaurus
Especie: taibaii
Tipo: armoured dinosaur
Dieta: herbivorous
Tamanho: 4.5 m
Velocidade: 330 hm/h

Nome: hylaeosaurus
Especie: armatus
Dieta: herbivorous
Lugar que habitava: United Kingdom
Velocidade: 4500000 cm/h

Nome: hypacrosaurus
Especie: altispinus
Tipo: euornithopod
Dieta: herbivorous
Lugar que habitava: USA
Velocidade: 6 km/h

Nome: hypsilophodon
Especie: foxii
Tipo: euornithopod
Dieta: herbivorous
Lugar que habitava: United Kingdom
Tamanho: 2.3 m

Nome: iguanodon
Especie: bernissartensis
Tipo: euornithopod
Dieta: herbivorous
Lugar que habitava: United Kingdom
Tamanho: 10.0 m
Velocidade: 440 hm/h

Nome: indosuchus
Especie: raptorius
Tipo: large theropod
Dieta: carnivorous
Tamanho: 7.0 m
Velocidade: 5800000 cm/h

Nome: irritator
Especie: challengeri
Dieta: carnivorous
Tamanho: 6.5 m
Velocidade: 320 hm/h

Nome: isisaurus
Especie: colberti
Tipo: sauropod
Dieta: herbivorous
Tamanho: 6.0 m
Velocidade: 560 hm/h

Nome: janenschia
Especie: robusta
Tipo: sauropod
Dieta: herbivorous
Lugar que habitava: Tanzania
Tamanho: 20.0 m

Nome: jaxartosaurus
Especie: aralensis
Tipo: euornithopod
Dieta: herbivorous
Lugar que habitava: Kazakhstan
Tamanho: 9.0 m
Velocidade: 3800000 cm/h

Nome: jingshanosaurus
Especie: xinwaensis
Tipo: sauropod
Dieta: herbivorous
Lugar que habitava: China
Tamanho: 5.0 m
Velocidade: 33 km/h

Nome: jinzhousaurus
Especie: yangi
Tipo: euornithopod
Dieta: herbivorous
Tamanho: 1.2 m
Velocidade: 32 km/h

Nome: jobaria
Especie: tiguidensis
Tipo: sauropod
Dieta: herbivorous
Lugar que habitava: Niger
Tamanho: 21.0 m
Velocidade: 4400000 cm/h

Nome: juravenator
Especie: starki
Tipo: small theropod
Dieta: carnivorous
Lugar que habitava: Germany
Tamanho: 0.8 m

Nome: kentrosaurus
Especie: aethiopicus
Dieta: herbivorous
Lugar que habitava: Tanzania
Tamanho: 5.0 m
Velocidade: 32 km/h

Nome: khaan
Especie: mckennai
Tipo: small theropod
Dieta: omnivorous
Tamanho: 1.8 m

Nome: kotasaurus
Especie: yamanpalliensis
Tipo: sauropod
Dieta: herbivorous
Lugar que habitava: India
Velocidade: 33 km/h

Nome: kritosaurus
Especie: navajovius
Tipo: euornithopod
Dieta: herbivorous
Lugar que habitava: USA
Tamanho: 8.0 m
Velocidade: 2300000 cm/h

Nome: lambeosaurus
Especie: lambei
Tipo: euornithopod
Dieta: herbivorous
Tamanho: 9.0 m
Velocidade: 38 km/h

Nome: lapparentosaurus
Especie: madagascariensis
Tipo: sauropod
Dieta: herbivorous
Tamanho: 3.0 m
Velocidade: 25 km/h

Nome: leaellynasaura
Especie: amicagraphica
Dieta: herbivorous
Lugar que habitava: Australia
Velocidade: 600000 cm/h

Nome: leptoceratops
Especie: gracilis
Tipo: ceratopsian
Dieta: herbivorous
Lugar que habitava: USA
Tamanho: 3.0 m
Velocidade: 380 hm/h

Nome: lesothosaurus
Especie: diagnosticus
Tipo: sauropod
Dieta: herbivorous
Lugar que habitava: China
Tamanho: 1.0 m
Velocidade: 25 km/h

Nome: liaoceratops
Especie: yanzigouensis
Tipo: ceratopsian
Dieta: herbivorous
Lugar que habitava: China
Tamanho: 2.5 m
Velocidade: 45 km/h

Nome: ligabuesaurus
Especie: leanzai
Tipo: sauropod
Dieta: herbivorous
Lugar que habitava: Argentina
Velocidade: 45 km/h

Nome: liliensternus
Especie: liliensterni
Tipo: small theropod
Dieta: carnivorous
Tamanho: 5.0 m
Velocidade: 45 km/h

Nome: lophorhothon
Especie: atopus
Dieta: herbivorous
Lugar que habitava: USA
Tamanho: 4.5 m
Velocidade: 50 hm/h

Nome: lophostropheus
Especie: airelensis
Tipo: large theropod
Dieta: carnivorous
Lugar que habitava: France
Tamanho: 6.2 m
Velocidade: 45 km/h

Nome: lufengosaurus
Especie: huenei
Tipo: sauropod
Dieta: herbivorous
Lugar que habitava: China
Tamanho: 6.0 m
Velocidade: 8 km/h

Nome: lurdusaurus
Especie: arenatus
Tipo: euornithopod
Dieta: herbivorous
Tamanho: 9.0 m
Velocidade: 50000 cm/h

Nome: lycorhinus
Especie: angustidens
Tipo: euornithopod
Dieta: herbivorous
Lugar que habitava: South Africa
Tamanho: 1.2 m
Velocidade: 4 km/h

Nome: magyarosaurus
Especie: dacus
Tipo: sauropod
Dieta: herbivorous
Tamanho: 5.0 m
Velocidade: 60 hm/h

Nome: maiasaura
Especie: peeblesorum
Tipo: euornithopod
Dieta: herbivorous
Lugar que habitava: USA
Velocidade: 40 hm/h

Nome: majungasaurus
Especie: atopus
Dieta: carnivorous
Lugar que habitava: Madagascar
Tamanho: 6.0 m
Velocidade: 330 hm/h

Nome: malawisaurus
Especie: dixeyi
Dieta: herbivorous
Tamanho: 9.0 m
Velocidade: 440 hm/h

Nome: mamenchisaurus
Especie: constructus
Tipo: sauropod
Dieta: herbivorous
Lugar que habitava: China
Tamanho: 22.0 m
Velocidade: 33 km/h

Nome: mapusaurus
Especie: roseae
Tipo: large theropod
Dieta: carnivorous
Tamanho: 13.0 m
Velocidade: 44 km/h

Nome: marshosaurus
Especie: bicentesimus
Tipo: large theropod
Dieta: carnivorous
Lugar que habitava: USA
Tamanho: 6.0 m
Velocidade: 450 hm/h

Nome: masiakasaurus
Especie: knopfleri
Tipo: small theropod
Dieta: carnivorous
Lugar que habitava: Madagascar
Tamanho: 2.0 m
Velocidade: 560 hm/h

Nome: massospondylus
Especie: carinatus
Tipo: sauropod
Dieta: omnivorous
Lugar que habitava: South Africa
Tamanho: 4.0 m
Velocidade: 56 km/h

Nome: maxakalisaurus
Especie: topai
Tipo: sauropod
Dieta: herbivorous
Lugar que habitava: Brazil
Tamanho: 13.0 m
Velocidade: 450 hm/h

Nome: megalosaurus
Especie: bucklandii
Tipo: large theropod
Dieta: carnivorous
Lugar que habitava: United Kingdom

Nome: melanorosaurus
Especie: readi
Tipo: sauropod
Dieta: omnivorous
Tamanho: 12.0 m

Nome: metriacanthosaurus
Especie: parkeri
Dieta: carnivorous
Lugar que habitava: United Kingdom
Tamanho: 8.2 m

Nome: microceratus
Especie: gobiensis
Tipo: ceratopsian
Dieta: herbivorous
Lugar que habitava: Mongolia
Tamanho: 0.5 m

Nome: micropachycephalosaurus
Especie: hongtuyanensis
Tipo: ceratopsian
Dieta: herbivorous
Lugar que habitava: China
Tamanho: 0.6 m
Velocidade: 3800000 cm/h

Nome: microraptor
Especie: zhaoianus
Tipo: small theropod
Dieta: carnivorous
Lugar que habitava: China
Tamanho: 0.8 m
Velocidade: 38 km/h

Nome: minmi
Especie: paravertebra
Tipo: armoured dinosaur
Dieta: herbivorous
Lugar que habitava: Australia
Tamanho: 3.0 m
Velocidade: 25 km/h

Nome: monolophosaurus
Especie: jiangi
Tipo: large theropod
Dieta: carnivorous
Lugar que habitava: China
Tamanho: 5.7 m
Velocidade: 3200000 cm/h

Nome: mononykus
Especie: olecranus
Tipo: small theropod
Dieta: herbivorous
Lugar que habitava: Mongolia
Tamanho: 1.0 m
Velocidade: 600000 cm/h

Nome: mussaurus
Especie: patagonicus
Tipo: sauropod
Dieta: herbivorous
Lugar que habitava: Argentina
Tamanho: 3.0 m
Velocidade: 38 km/h

Nome: muttaburrasaurus
Especie: langdoni
Tipo: euornithopod
Dieta: herbivorous
Lugar que habitava: Australia
Tamanho: 7.0 m
Velocidade: 60 hm/h

Nome: nanshiungosaurus
Especie: brevispinus
Tipo: large theropod
Dieta: omnivorous
Lugar que habitava: China
Tamanho: 4.4 m

Nome: nedoceratops
Especie: hatcheri
Tipo: ceratopsian
Dieta: herbivorous
Tamanho: 7.0 m
Velocidade: 3800000 cm/h

Nome: nemegtosaurus
Especie: mongoliensis
Tipo: sauropod
Dieta: herbivorous
Lugar que habitava: Mongolia
Velocidade: 45 km/h

Nome: neovenator
Especie: salerii
Dieta: carnivorous
Lugar que habitava: United Kingdom
Tamanho: 7.4 m
Velocidade: 320 hm/h

Nome: neuquenosaurus
Especie: australis
Tipo: sauropod
Dieta: herbivorous
Tamanho: 10.0 m
Velocidade: 2500000 cm/h

Nome: nigersaurus
Especie: taqueti
Tipo: sauropod
Dieta: herbivorous
Lugar que habitava: Russia
Tamanho: 15.0 m

Nome: nipponosaurus
Especie: sachalinensis
Tipo: euornithopod
Dieta: herbivorous
Lugar que habitava: Russia
Tamanho: 1.3 m
Velocidade: 20 hm/h

Nome: noasaurus
Especie: leali
Tipo: small theropod
Dieta: carnivorous
Lugar que habitava: Argentina
Tamanho: 1.0 m
Velocidade: 32 km/h

Nome: nodosaurus
Especie: textilis
Tipo: armoured dinosaur
Dieta: herbivorous
Tamanho: 5.0 m
Velocidade: 2200000 cm/h

Nome: nomingia
Especie: gobiensis
Tipo: small theropod
Dieta: omnivorous
Tamanho: 1.6 m
Velocidade: 320 hm/h

Nome: nothronychus
Especie: mckinleyi
Tipo: large theropod
Dieta: omnivorous
Lugar que habitava: USA
Tamanho: 5.3 m
Velocidade: 4500000 cm/h

Nome: nqwebasaurus
Especie: thwazi
Tipo: small theropod
Dieta: carnivorous
Lugar que habitava: South Africa
Velocidade: 450 hm/h

Nome: omeisaurus
Especie: junghsiensis
Tipo: sauropod
Dieta: herbivorous
Tamanho: 20.0 m
Velocidade: 6 km/h

Nome: opisthocoelicaudia
Especie: skarzynskii
Tipo: sauropod
Dieta: herbivorous
Lugar que habitava: Mongolia
Tamanho: 12.0 m
Velocidade: 44 km/h

Nome: ornitholestes
Especie: hermanni
Tipo: small theropod
Dieta: carnivorous
Lugar que habitava: USA
Tamanho: 2.0 m
Velocidade: 4500000 cm/h

Nome: ornithomimus
Especie: velox
Tipo: large theropod
Dieta: omnivorous
Lugar que habitava: USA
Tamanho: 4.0 m

Nome: orodromeus
Especie: makelai
Tipo: euornithopod
Dieta: herbivorous
Tamanho: 2.0 m
Velocidade: 320 hm/h

Nome: oryctodromeus
Especie: cubicularis
Tipo: euornithopod
Dieta: herbivorous
Tamanho: 2.1 m
Velocidade: 3300000 cm/h

Nome: othnielia
Especie: rex
Tipo: euornithopod
Dieta: herbivorous
Lugar que habitava: USA
Tamanho: 1.4 m

Nome: ouranosaurus
Especie: nigeriensis
Tipo: euornithopod
Dieta: herbivorous
Tamanho: 7.0 m
Velocidade: 400000 cm/h

Nome: oviraptor
Especie: philoceratops
Tipo: small theropod
Dieta: omnivorous
Lugar que habitava: Mongolia
Tamanho: 2.0 m

Nome: pachycephalosaurus
Especie: wyomingensis
Dieta: herbivorous
Lugar que habitava: USA
Tamanho: 8.0 m
Velocidade: 30 hm/h

Nome: pachyrhinosaurus
Especie: canadensis
Tipo: ceratopsian
Dieta: herbivorous
Lugar que habitava: Canada
Tamanho: 6.0 m
Velocidade: 70 hm/h

Nome: panoplosaurus
Especie: mirus
Tipo: armoured dinosaur
Dieta: herbivorous
Tamanho: 7.0 m
Velocidade: 90 hm/h

Nome: pantydraco
Especie: caducus
Tipo: euornithopod
Dieta: herbivorous
Lugar que habitava: South Africa
Tamanho: 3.0 m
Velocidade: 6 km/h

Nome: paralititan
Especie: stromeri
Tipo: sauropod
Dieta: herbivorous
Tamanho: 28.0 m
Velocidade: 1000000 cm/h

Nome: parasaurolophus
Especie: walkeri
Tipo: euornithopod
Dieta: herbivorous
Lugar que habitava: USA
Velocidade: 800000 cm/h

Nome: parksosaurus
Especie: warrenae
Tipo: euornithopod
Dieta: herbivorous
Lugar que habitava: Canada
Velocidade: 44 km/h

Nome: patagosaurus
Especie: fariasi
Tipo: sauropod
Dieta: herbivorous
Lugar que habitava: Argentina
Tamanho: 18.0 m
Velocidade: 250 hm/h

Nome: pelicanimimus
Especie: polyodon
Dieta: carnivorous
Lugar que habitava: Spain
Tamanho: 2.0 m
Velocidade: 32 km/h

Nome: pelorosaurus
Especie: conybearei
Tipo: sauropod
Dieta: herbivorous
Lugar que habitava: United Kingdom
Tamanho: 25.0 m
Velocidade: 45 km/h

Nome: pentaceratops
Especie: sternbergi
Tipo: ceratopsian
Dieta: herbivorous
Lugar que habitava: USA
Tamanho: 6.8 m
Velocidade: 44 km/h

Nome: piatnitzkysaurus
Especie: floresi
Tipo: large theropod
Dieta: carnivorous
Lugar que habitava: Argentina
Tamanho: 4.2 m
Velocidade: 5600000 cm/h

Nome: pinacosaurus
Especie: grangeri
Tipo: armoured dinosaur
Dieta: herbivorous
Tamanho: 5.0 m
Velocidade: 58 km/h

Nome: plateosaurus
Especie: engelhardti
Dieta: herbivorous
Tamanho: 7.0 m
Velocidade: 1500000 cm/h

Nome: podokesaurus
Especie: holyokensis
Tipo: small theropod
Dieta: carnivorous
Lugar que habitava: USA
Tamanho: 0.9 m
Velocidade: 2100000 cm/h

Nome: poekilopleuron
Especie: bucklandii
Tipo: large theropod
Dieta: carnivorous
Lugar que habitava: France
Tamanho: 9.0 m
Velocidade: 4500000 cm/h

Nome: polacanthus
Especie: foxii
Tipo: armoured dinosaur
Dieta: herbivorous
Lugar que habitava: United Kingdom
Tamanho: 5.0 m
Velocidade: 250 hm/h

Nome: prenocephale
Especie: prenes
Tipo: euornithopod
Dieta: herbivorous
Lugar que habitava: Mongolia
Tamanho: 2.4 m
Velocidade: 2300000 cm/h

Nome: probactrosaurus
Especie: gobiensis
Tipo: euornithopod
Dieta: herbivorous
Lugar que habitava: China
Tamanho: 6.0 m
Velocidade: 600000 cm/h

Nome: proceratosaurus
Especie: bradleyi
Tipo: small theropod
Dieta: carnivorous
Lugar que habitava: United Kingdom
Tamanho: 4.1 m
Velocidade: 560 hm/h

Nome: procompsognathus
Especie: triassicus
Tipo: small theropod
Dieta: carnivorous
Lugar que habitava: Germany
Velocidade: 5600000 cm/h

Nome: prosaurolophus
Especie: maximus
Tipo: euornithopod
Dieta: herbivorous
Lugar que habitava: USA
Tamanho: 7.6 m

Nome: protarchaeopteryx
Especie: robusta
Tipo: small theropod
Dieta: carnivorous
Lugar que habitava: China
Tamanho: 2.0 m

Nome: protoceratops
Especie: andrewsi
Tipo: ceratopsian
Dieta: herbivorous
Tamanho: 1.8 m
Velocidade: 3800000 cm/h

Nome: protohadros
Especie: byrdi
Tipo: euornithopod
Dieta: herbivorous
Velocidade: 320 hm/h

Nome: psittacosaurus
Especie: mongoliensis
Dieta: herbivorous
Lugar que habitava: Russia
Tamanho: 2.0 m
Velocidade: 58 km/h

Nome: quaesitosaurus
Especie: orientalis
Tipo: sauropod
Dieta: herbivorous
Lugar que habitava: Mongolia
Tamanho: 23.0 m
Velocidade: 50 hm/h

Nome: rebbachisaurus
Especie: garasbae
Tipo: sauropod
Dieta: herbivorous
Lugar que habitava: Madagascar
Tamanho: 20.0 m

Nome: rhabdodon
Especie: priscus
Tipo: euornithopod
Dieta: herbivorous
Lugar que habitava: Spain
Tamanho: 4.0 m
Velocidade: 80 hm/h

Nome: rhoetosaurus
Especie: brownei
Tipo: sauropod
Dieta: herbivorous
Lugar que habitava: Australia
Tamanho: 15.0 m
Velocidade: 6 km/h

Nome: rinchenia
Especie: mongoliensis
Tipo: small theropod
Dieta: omnivorous
Lugar que habitava: Mongolia
Tamanho: 2.5 m
Velocidade: 110 hm/h

Nome: riojasaurus
Especie: incertus
Tipo: sauropod
Dieta: omnivorous
Lugar que habitava: Argentina
Tamanho: 5.2 m
Velocidade: 45 km/h

Nome: rugops
Especie: primus
Dieta: carnivorous
Lugar que habitava: Niger
Tamanho: 7.0 m

Nome: saichania
Especie: chulsanensis
Tipo: armoured dinosaur
Dieta: herbivorous
Lugar que habitava: Mongolia
Velocidade: 120 hm/h

Nome: saltasaurus
Especie: loricatus
Dieta: herbivorous
Tamanho: 12.0 m
Velocidade: 30 km/h

Nome: saltopus
Especie: elginensis
Tipo: small theropod
Dieta: carnivorous
Tamanho: 5.0 m
Velocidade: 3300000 cm/h

Nome: sarcosaurus
Especie: woodi
Tipo: small theropod
Dieta: carnivorous
Lugar que habitava: United Kingdom
Tamanho: 3.0 m
Velocidade: 32 km/h

Nome: saurolophus
Especie: osborni
Tipo: euornithopod
Dieta: herbivorous
Lugar que habitava: Mongolia
Tamanho: 9.0 m
Velocidade: 56 km/h

Nome: sauropelta
Especie: edwardsorum
Tipo: armoured dinosaur
Dieta: herbivorous
Lugar que habitava: USA
Tamanho: 6.5 m
Velocidade: 45 km/h

Nome: saurophaganax
Especie: maximus
Tipo: large theropod
Dieta: carnivorous
Lugar que habitava: USA
Tamanho: 12.0 m
Velocidade: 25 km/h

Nome: saurornithoides
Especie: mongoliensis
Tipo: small theropod
Dieta: carnivorous
Lugar que habitava: Mongolia
Tamanho: 3.0 m
Velocidade: 330 hm/h

Nome: scelidosaurus
Especie: harrisonii
Tipo: armoured dinosaur
Dieta: herbivorous
Tamanho: 4.0 m
Velocidade: 600000 cm/h

Nome: scutellosaurus
Especie: lawleri
Tipo: armoured dinosaur
Dieta: herbivorous
Lugar que habitava: USA
Tamanho: 1.2 m
Velocidade: 25 km/h

Nome: secernosaurus
Especie: koerneri
Tipo: euornithopod
Dieta: herbivorous
Lugar que habitava: Argentina
Tamanho: 3.0 m
Velocidade: 240 hm/h

Nome: segisaurus
Especie: halli
Dieta: carnivorous
Lugar que habitava: USA
Tamanho: 1.5 m
Velocidade: 4400000 cm/h

Nome: segnosaurus
Especie: galbinensis
Dieta: carnivorous
Lugar que habitava: Mongolia
Tamanho: 4.0 m

Nome: shamosaurus
Especie: scutatus
Tipo: armoured dinosaur
Dieta: herbivorous
Tamanho: 0.6 m
Velocidade: 1800000 cm/h

Nome: shanag
Especie: ashile
Tipo: small theropod
Dieta: carnivorous
Lugar que habitava: Mongolia
Tamanho: 0.4 m
Velocidade: 1600000 cm/h

Nome: shantungosaurus
Especie: giganteus
Tipo: euornithopod
Dieta: herbivorous
Tamanho: 15.0 m
Velocidade: 2300000 cm/h

Nome: shunosaurus
Especie: lii
Tipo: sauropod
Dieta: herbivorous
Lugar que habitava: China
Velocidade: 38 km/h

Nome: shuvuuia
Especie: deserti
Tipo: small theropod
Dieta: omnivorous
Lugar que habitava: Mongolia
Tamanho: 0.6 m
Velocidade: 6 km/h

Nome: silvisaurus
Especie: condrayi
Tipo: armoured dinosaur
Dieta: herbivorous
Lugar que habitava: USA
Tamanho: 4.0 m
Velocidade: 250 hm/h

Nome: sinocalliopteryx
Especie: gigas
Tipo: small theropod
Dieta: carnivorous
Lugar que habitava: China
Velocidade: 150 hm/h

Nome: sinornithosaurus
Especie: millenii
Tipo: small theropod
Dieta: carnivorous
Tamanho: 2.0 m
Velocidade: 30 hm/h

Nome: sinosauropteryx
Especie: prima
Tipo: small theropod
Dieta: carnivorous
Tamanho: 1.0 m
Velocidade: 900000 cm/h

Nome: sinovenator
Especie: changii
Tipo: small theropod
Dieta: carnivorous
Lugar que habitava: China
Velocidade: 1100000 cm/h

Nome: sinraptor
Especie: hepingensis
Tipo: large theropod
Dieta: carnivorous
Lugar que habitava: China
Velocidade: 45 km/h

Nome: sonidosaurus
Especie: saihangaobiensis
Dieta: herbivorous
Lugar que habitava: China
Tamanho: 9.0 m
Velocidade: 1300000 cm/h

Nome: spinosaurus
Especie: aegyptiacus
Tipo: large theropod
Dieta: carnivorous
Lugar que habitava: Madagascar
Tamanho: 18.0 m
Velocidade: 3800000 cm/h

Nome: staurikosaurus
Especie: pricei
Tipo: large theropod
Dieta: carnivorous
Tamanho: 2.0 m
Velocidade: 3000000 cm/h

Nome: stegoceras
Especie: validum
Tipo: euornithopod
Dieta: herbivorous
Tamanho: 2.4 m

Nome: stegosaurus
Especie: armatus
Tipo: armoured dinosaur
Dieta: herbivorous
Lugar que habitava: USA
Tamanho: 9.0 m
Velocidade: 120 hm/h

Nome: stenopelix
Especie: valdensis
Tipo: ceratopsian
Dieta: herbivorous
Lugar que habitava: Germany
Tamanho: 1.5 m
Velocidade: 60 hm/h

Nome: struthiomimus
Especie: altus
Dieta: omnivorous
Tamanho: 4.0 m
Velocidade: 38 km/h

Nome: struthiosaurus
Especie: austriacus
Dieta: herbivorous
Lugar que habitava: Spain
Tamanho: 2.5 m
Velocidade: 600000 cm/h

Nome: styracosaurus
Especie: albertensis
Tipo: ceratopsian
Dieta: herbivorous
Lugar que habitava: USA
Tamanho: 5.5 m
Velocidade: 600000 cm/h

Nome: suchomimus
Especie: tenerensis
Tipo: large theropod
Dieta: carnivorous
Lugar que habitava: Niger
Tamanho: 11.0 m
Velocidade: 58 km/h

Nome: supersaurus
Especie: vivianae
Tipo: sauropod
Dieta: herbivorous
Velocidade: 2000000 cm/h

Nome: talarurus
Especie: plicatospineus
Tipo: armoured dinosaur
Dieta: herbivorous
Lugar que habitava: Mongolia
Velocidade: 1300000 cm/h

Nome: tanius
Especie: sinensis
Tipo: euornithopod
Dieta: herbivorous
Tamanho: 4.0 m
Velocidade: 210 hm/h

Nome: tarbosaurus
Especie: bataar
Tipo: large theropod
Dieta: carnivorous
Lugar que habitava: Mongolia
Tamanho: 10.0 m
Velocidade: 58 km/h

Nome: tarchia
Especie: gigantea
Tipo: armoured dinosaur
Dieta: herbivorous
Lugar que habitava: Mongolia
Tamanho: 8.5 m
Velocidade: 26 km/h

Nome: telmatosaurus
Especie: transsylvanicus
Tipo: euornithopod
Dieta: herbivorous
Tamanho: 5.0 m
Velocidade: 12 km/h

Nome: tenontosaurus
Especie: tillettorum
Tipo: euornithopod
Dieta: herbivorous
Lugar que habitava: USA
Tamanho: 7.0 m
Velocidade: 24 km/h

Nome: thecodontosaurus
Especie: antiquus
Tipo: sauropod
Dieta: omnivorous
Lugar que habitava: United Kingdom
Tamanho: 2.5 m
Velocidade: 130 hm/h

Nome: therizinosaurus
Especie: cheloniformis
Tipo: large theropod
Dieta: carnivorous
Tamanho: 3.5 m
Velocidade: 270 hm/h

Nome: thescelosaurus
Especie: neglectus
Tipo: euornithopod
Dieta: herbivorous
Lugar que habitava: USA
Tamanho: 3.5 m
Velocidade: 1400000 cm/h

Nome: torosaurus
Especie: latus
Dieta: herbivorous
Lugar que habitava: USA
Tamanho: 7.5 m
Velocidade: 1600000 cm/h

Nome: torvosaurus
Especie: tanneri
Tipo: large theropod
Dieta: carnivorous
Lugar que habitava: USA
Tamanho: 10.0 m
Velocidade: 4400000 cm/h

Nome: triceratops
Especie: horridus
Dieta: herbivorous
Tamanho: 9.0 m
Velocidade: 600000 cm/h

Nome: troodon
Especie: formosus
Tipo: small theropod
Dieta: carnivorous
Tamanho: 2.0 m
Velocidade: 250 hm/h

Nome: tsagantegia
Especie: longicranialis
Tipo: armoured dinosaur
Dieta: herbivorous
Lugar que habitava: Mongolia
Tamanho: 1.2 m
Velocidade: 16 km/h

Nome: tsintaosaurus
Especie: spinorhinus
Tipo: euornithopod
Dieta: herbivorous
Lugar que habitava: China
Velocidade: 220 hm/h

Nome: tuojiangosaurus
Especie: multispinus
Tipo: armoured dinosaur
Dieta: herbivorous
Lugar que habitava: China
Tamanho: 7.0 m
Velocidade: 1800000 cm/h

Nome: tylocephale
Especie: gilmorei
Tipo: euornithopod
Dieta: herbivorous
Tamanho: 1.4 m
Velocidade: 60 hm/h

Nome: tyrannosaurus
Especie: rex
Dieta: carnivorous
Lugar que habitava: USA
Tamanho: 12.0 m
Velocidade: 45 km/h

Nome: udanoceratops
Especie: tschizhovi
Dieta: herbivorous
Lugar que habitava: Mongolia
Tamanho: 1.9 m

Nome: unenlagia
Especie: comahuensis
Dieta: carnivorous
Velocidade: 44 km/h

Nome: urbacodon
Especie: itemirensis
Tipo: small theropod
Dieta: carnivorous
Lugar que habitava: Uzbekistan
Tamanho: 1.0 m
Velocidade: 60 hm/h

Nome: utahraptor
Especie: ostrommaysorum
Tipo: large theropod
Dieta: carnivorous
Lugar que habitava: USA
Tamanho: 6.0 m
Velocidade: 360 hm/h

Nome: valdosaurus
Especie: canaliculatus
Tipo: euornithopod
Dieta: herbivorous
Lugar que habitava: United Kingdom
Tamanho: 3.0 m
Velocidade: 180 hm/h

Nome: velociraptor
Especie: mongoliensis
Tipo: small theropod
Dieta: carnivorous
Lugar que habitava: Mongolia
Tamanho: 1.8 m
Velocidade: 2500000 cm/h

Nome: vulcanodon
Especie: karibaensis
Tipo: sauropod
Dieta: herbivorous
Tamanho: 6.5 m
Velocidade: 230 hm/h

Nome: yandusaurus
Especie: hongheensis
Tipo: euornithopod
Dieta: herbivorous
Lugar que habitava: China
Velocidade: 90 hm/h

Nome: yangchuanosaurus
Especie: shangyouensis
Tipo: large theropod
Dieta: carnivorous
Lugar que habitava: China
Tamanho: 10.0 m
Velocidade: 320 hm/h

Nome: yimenosaurus
Especie: youngi
Dieta: herbivorous
Velocidade: 21 km/h

Nome: yingshanosaurus
Especie: jichuanensis
Dieta: herbivorous
Tamanho: 2.0 m
Velocidade: 12 km/h

Nome: yinlong
Especie: downsi
Tipo: ceratopsian
Dieta: herbivorous
Lugar que habitava: China
Velocidade: 600000 cm/h

Nome: yuanmousaurus
Especie: jiangyiensis
Tipo: sauropod
Dieta: herbivorous
Tamanho: 17.0 m
Velocidade: 2800000 cm/h

Nome: yunnanosaurus
Especie: huangi
Dieta: omnivorous
Lugar que habitava: China
Velocidade: 34 km/h

Nome: zalmoxes
Especie: robustus
Tipo: euornithopod
Dieta: herbivorous
Tamanho: 3.0 m
Velocidade: 10 km/h

Nome: zephyrosaurus
Especie: schaffi
Dieta: herbivorous
Lugar que habitava: USA
Tamanho: 1.8 m
Velocidade: 5 km/h

Nome: zuniceratops
Especie: christopheri
Tipo: ceratopsian
Dieta: herbivorous
Tamanho: 1.2 m
Velocidade: 110 hm/h

Numero de paginas de disco: 32
