2 binario4.bin
Nome: aardonyx
Especie: celestae
Tipo: sauropod
Dieta: herbivorous
Lugar que habitava: South Africa
Tamanho: 8.0 m
Velocidade: 38 km/h

Nome: abelisaurus
Especie: comahuensis
Tipo: large theropod
Dieta: carnivorous
Lugar que habitava: Argentina
Velocidade: 20 km/h

Nome: achillobator
Especie: giganteus
Tipo: large theropod
Dieta: carnivorous
Lugar que habitava: Mongolia
Tamanho: 5.0 m
Velocidade: 45 km/h

Nome: acrocanthosaurus
Especie: atokensis
Tipo: large theropod
Dieta: carnivorous
Lugar que habitava: USA
Tamanho: 12.0 m
Velocidade: 38 km/h

Nome: agilisaurus
Especie: louderbacki
Dieta: herbivorous

Nome: alamosaurus
Especie: sanjuanensis
Tipo: sauropod
Dieta: herbivorous
Tamanho: 21.0 m
Velocidade: 330 hm/h

Nome: albertosaurus
Especie: libratus
Tipo: large theropod
Dieta: carnivorous
Lugar que habitava: Canada
Tamanho: 9.0 m
Velocidade: 25 km/h

Nome: alectrosaurus
Especie: olseni
Tipo: large theropod
Dieta: carnivorous
Lugar que habitava: Mongolia
Tamanho: 5.0 m
Velocidade: 4500000 cm/h

Nome: alvarezsaurus
Especie: calvoi
Tipo: small theropod
Dieta: carnivorous
Lugar que habitava: Argentina
Tamanho: 2.0 m
Velocidade: 38 km/h

Nome: amargasaurus
Especie: cazaui
Tipo: sauropod
Dieta: herbivorous
Lugar que habitava: Argentina
Tamanho: 12.0 m
Velocidade: 6 km/h

Nome: ammosaurus
Especie: major
Tipo: sauropod
Dieta: herbivorous
Lugar que habitava: USA
Tamanho: 5.0 m
Velocidade: 600000 cm/h

Nome: ampelosaurus
Especie: atacis
Tipo: sauropod
Dieta: herbivorous
Lugar que habitava: France
Tamanho: 15.0 m
Velocidade: 560 hm/h

Nome: amygdalodon
Especie: patagonicus
Tipo: sauropod
Dieta: herbivorous
Tamanho: 15.0 m
Velocidade: 580 hm/h

Nome: anchisaurus
Especie: polyzelous
Tipo: sauropod
Dieta: herbivorous
Tamanho: 2.0 m
Velocidade: 4500000 cm/h

Nome: anserimimus
Especie: planinychus
Dieta: carnivorous
Lugar que habitava: Mongolia
Tamanho: 3.5 m
Velocidade: 440 hm/h

Nome: apatosaurus
Especie: ajax
Tipo: sauropod
Dieta: herbivorous
Lugar que habitava: USA
Tamanho: 21.0 m
Velocidade: 4400000 cm/h

Nome: aragosaurus
Especie: ischiadicus
Dieta: herbivorous
Lugar que habitava: Spain
Velocidade: 380 hm/h

Nome: aralosaurus
Especie: tuberiferus
Tipo: euornithopod
Dieta: herbivorous
Lugar que habitava: Kazakhstan
Tamanho: 8.0 m
Velocidade: 4400000 cm/h

Nome: argentinosaurus
Especie: huinculensis
Tipo: sauropod
Dieta: herbivorous
Lugar que habitava: Argentina
Tamanho: 35.0 m
Velocidade: 4400000 cm/h

Nome: arrhinoceratops
Especie: brachyops
Dieta: herbivorous
Lugar que habitava: Canada
Tamanho: 6.0 m
Velocidade: 3200000 cm/h

Nome: atlascopcosaurus
Especie: loadsi
Tipo: euornithopod
Dieta: herbivorous
Lugar que habitava: Australia
Tamanho: 3.0 m
Velocidade: 25 km/h

Nome: austrosaurus
Especie: mckillopi
Dieta: herbivorous
Velocidade: 450 hm/h

Nome: bactrosaurus
Especie: johnsoni
Tipo: euornithopod
Dieta: herbivorous
Lugar que habitava: China
Tamanho: 6.0 m
Velocidade: 60 hm/h

Nome: bagaceratops
Especie: rozhdestvenskyi
Tipo: ceratopsian
Dieta: herbivorous

Nome: barapasaurus
Especie: tagorei
Tipo: sauropod
Dieta: herbivorous
Lugar que habitava: India
Tamanho: 14.0 m

Nome: barosaurus
Especie: lentus
Tipo: sauropod
Dieta: herbivorous
Lugar que habitava: USA
Tamanho: 24.0 m
Velocidade: 3800000 cm/h

Nome: baryonyx
Especie: walkeri
Dieta: carnivorous
Lugar que habitava: United Kingdom
Tamanho: 10.0 m
Velocidade: 3300000 cm/h

Nome: becklespinax
Especie: altispinax
Tipo: large theropod
Dieta: carnivorous
Tamanho: 5.0 m
Velocidade: 560 hm/h

Nome: beipiaosaurus
Especie: inexpectus
Tipo: small theropod
Dieta: omnivorous
Lugar que habitava: China
Tamanho: 2.0 m
Velocidade: 60 hm/h

Nome: borogovia
Especie: gracilicrus
Tipo: small theropod
Dieta: carnivorous
Velocidade: 5600000 cm/h

Nome: brachylophosaurus
Especie: canadensis
Tipo: euornithopod
Dieta: herbivorous
Tamanho: 7.0 m
Velocidade: 4500000 cm/h

Nome: camarasaurus
Especie: supremus
Dieta: herbivorous
Tamanho: 23.0 m
Velocidade: 44 km/h

Nome: carcharodontosaurus
Especie: saharicus
Tipo: large theropod
Dieta: carnivorous
Tamanho: 15.0 m
Velocidade: 450 hm/h

Nome: carnotaurus
Especie: sastrei
Tipo: large theropod
Dieta: carnivorous
Lugar que habitava: Argentina
Tamanho: 7.6 m
Velocidade: 3800000 cm/h

Nome: cedarpelta
Especie: bilbeyhallorum
Tipo: armoured dinosaur
Dieta: herbivorous
Lugar que habitava: USA
Tamanho: 10.0 m
Velocidade: 4400000 cm/h

Nome: centrosaurus
Especie: gonzalezorum
Tipo: ceratopsian
Dieta: herbivorous
Lugar que habitava: Canada
Tamanho: 6.0 m

Nome: cetiosauriscus
Especie: stewarti
Tipo: sauropod
Dieta: herbivorous
Tamanho: 15.0 m

Nome: cetiosaurus
Especie: oxoniensis
Tipo: sauropod
Dieta: herbivorous
Lugar que habitava: United Kingdom
Velocidade: 250 hm/h

Nome: chaoyangsaurus
Especie: youngi
Tipo: ceratopsian
Dieta: herbivorous
Lugar que habitava: China
Tamanho: 1.1 m

Nome: chinshakiangosaurus
Especie: zhongheensis
Tipo: sauropod
Dieta: herbivorous
Lugar que habitava: China
Tamanho: 11.0 m
Velocidade: 3200000 cm/h

Nome: chirostenotes
Especie: pergracilis
Tipo: small theropod
Dieta: omnivorous
Lugar que habitava: Canada
Tamanho: 1.7 m
Velocidade: 4500000 cm/h

Nome: compsognathus
Especie: longipes
Tipo: small theropod
Dieta: carnivorous
Tamanho: 0.6 m
Velocidade: 450 hm/h

Nome: conchoraptor
Especie: gracilis
Tipo: small theropod
Dieta: carnivorous
Lugar que habitava: Mongolia
Tamanho: 1.5 m
Velocidade: 560 hm/h

Nome: confuciusornis
Especie: sanctus
Tipo: small theropod
Dieta: carnivorous
Lugar que habitava: China
Tamanho: 0.2 m

Nome: cryolophosaurus
Especie: elliotti
Tipo: large theropod
Dieta: carnivorous
Lugar que habitava: Antarctica
Tamanho: 8.0 m
Velocidade: 5800000 cm/h

Nome: deinocheirus
Especie: mirificus
Tipo: large theropod
Dieta: omnivorous
Lugar que habitava: Mongolia
Tamanho: 10.0 m
Velocidade: 380 hm/h

Nome: deltadromeus
Especie: agilis
Dieta: carnivorous
Tamanho: 8.1 m
Velocidade: 560 hm/h

Nome: dicraeosaurus
Especie: hansemanni
Tipo: sauropod
Dieta: herbivorous
Lugar que habitava: Tanzania
Tamanho: 20.0 m
Velocidade: 38 km/h

Nome: dilophosaurus
Especie: gonzalezorum
Tipo: large theropod
Dieta: carnivorous
Lugar que habitava: USA
Tamanho: 6.0 m
Velocidade: 5800000 cm/h

Nome: diplodocus
Especie: longus
Tipo: sauropod
Dieta: herbivorous
Lugar que habitava: USA
Tamanho: 26.0 m
Velocidade: 380 hm/h

Nome: dromaeosaurus
Especie: albertensis
Tipo: small theropod
Dieta: carnivorous
Tamanho: 1.8 m
Velocidade: 3800000 cm/h

Nome: dryptosaurus
Especie: aquilunguis
Tipo: large theropod
Dieta: carnivorous
Lugar que habitava: USA
Tamanho: 6.4 m
Velocidade: 32 km/h

Nome: dubreuillosaurus
Especie: valesdunensis
Tipo: large theropod
Dieta: carnivorous
Tamanho: 5.0 m
Velocidade: 5600000 cm/h

Nome: edmontonia
Especie: longiceps
Tipo: armoured dinosaur
Dieta: herbivorous
Lugar que habitava: Canada

Nome: edmontosaurus
Especie: regalis
Tipo: euornithopod
Dieta: herbivorous
Lugar que habitava: Canada
Tamanho: 13.0 m
Velocidade: 3800000 cm/h

Nome: elaphrosaurus
Especie: bambergi
Tipo: large theropod
Dieta: carnivorous
Tamanho: 6.2 m

Nome: eolambia
Especie: caroljonesa
Tipo: euornithopod
Dieta: herbivorous
Lugar que habitava: USA
Tamanho: 3.2 m
Velocidade: 33 km/h

Nome: eoraptor
Especie: lunensis
Tipo: small theropod
Dieta: carnivorous
Lugar que habitava: Argentina
Tamanho: 1.0 m

Nome: erketu
Especie: ellisoni
Tipo: sauropod
Dieta: herbivorous
Tamanho: 15.0 m
Velocidade: 250 hm/h

Nome: europasaurus
Especie: holgeri
Tipo: sauropod
Dieta: herbivorous
Lugar que habitava: Germany
Tamanho: 6.2 m
Velocidade: 32 km/h

Nome: eustreptospondylus
Especie: oxoniensis
Tipo: large theropod
Dieta: carnivorous
Tamanho: 7.0 m
Velocidade: 25 km/h

Nome: garudimimus
Especie: brevipes
Tipo: large theropod
Dieta: omnivorous
Lugar que habitava: Mongolia
Tamanho: 4.7 m
Velocidade: 25 km/h

Nome: gasosaurus
Especie: constructus
Tipo: small theropod
Dieta: carnivorous
Lugar que habitava: China
Tamanho: 4.0 m

Nome: giraffatitan
Especie: brancai
Dieta: herbivorous
Lugar que habitava: Tanzania
Tamanho: 23.0 m

Nome: goyocephale
Especie: lattimorei
Tipo: large theropod
Dieta: herbivorous
Lugar que habitava: Mongolia
Tamanho: 2.0 m
Velocidade: 38 km/h

Nome: graciliceratops
Especie: mongoliensis
Dieta: herbivorous
Lugar que habitava: Mongolia
Tamanho: 1.0 m
Velocidade: 25 km/h

Nome: hagryphus
Especie: giganteus
Dieta: omnivorous
Lugar que habitava: USA
Tamanho: 3.0 m
Velocidade: 2500000 cm/h

Nome: haplocanthosaurus
Especie: priscus
Tipo: sauropod
Dieta: herbivorous
Lugar que habitava: USA
Tamanho: 21.5 m
Velocidade: 600000 cm/h

Nome: harpymimus
Especie: okladnikovi
Tipo: small theropod
Dieta: omnivorous
Lugar que habitava: Mongolia
Tamanho: 2.0 m
Velocidade: 25 km/h

Nome: herrerasaurus
Especie: ischigualastensis
Tipo: small theropod
Dieta: carnivorous
Lugar que habitava: Argentina
Velocidade: 25 km/h

Nome: hesperosaurus
Especie: mjosi
Tipo: armoured dinosaur
Dieta: herbivorous
Lugar que habitava: USA
Tamanho: 6.0 m
Velocidade: 2500000 cm/h

Nome: heterodontosaurus
Especie: tucki
Tipo: euornithopod
Dieta: herbivorous
Lugar que habitava: South Africa
Tamanho: 1.2 m
Velocidade: 450 hm/h

Nome: huayangosaurus
Especie: taibaii
Tipo: armoured dinosaur
Dieta: herbivorous
Tamanho: 4.5 m
Velocidade: 330 hm/h

Nome: hylaeosaurus
Especie: armatus
Dieta: herbivorous
Lugar que habitava: United Kingdom
Velocidade: 4500000 cm/h

Nome: hypacrosaurus
Especie: altispinus
Tipo: euornithopod
Dieta: herbivorous
Lugar que habitava: USA
Velocidade: 6 km/h

Nome: hypsilophodon
Especie: foxii
Tipo: euornithopod
Dieta: herbivorous
Lugar que habitava: United Kingdom
Tamanho: 2.3 m

Nome: iguanodon
Especie: bernissartensis
Tipo: euornithopod
Dieta: herbivorous
Lugar que habitava: United Kingdom
Tamanho: 10.0 m
Velocidade: 440 hm/h

Nome: irritator
Especie: challengeri
Dieta: carnivorous
Tamanho: 6.5 m
Velocidade: 320 hm/h

Nome: janenschia
Especie: robusta
Tipo: sauropod
Dieta: herbivorous
Lugar que habitava: Tanzania
Tamanho: 20.0 m

Nome: jinzhousaurus
Especie: yangi
Tipo: euornithopod
Dieta: herbivorous
Tamanho: 1.2 m
Velocidade: 32 km/h

Nome: kentrosaurus
Especie: aethiopicus
Dieta: herbivorous
Lugar que habitava: Tanzania
Tamanho: 5.0 m
Velocidade: 32 km/h

Nome: kotasaurus
Especie: yamanpalliensis
Tipo: sauropod
Dieta: herbivorous
Lugar que habitava: India
Velocidade: 33 km/h

Nome: lapparentosaurus
Especie: madagascariensis
Tipo: sauropod
Dieta: herbivorous
Tamanho: 3.0 m
Velocidade: 25 km/h

Nome: leaellynasaura
Especie: amicagraphica
Dieta: herbivorous
Lugar que habitava: Australia
Velocidade: 600000 cm/h

Nome: lesothosaurus
Especie: diagnosticus
Tipo: sauropod
Dieta: herbivorous
Lugar que habitava: China
Tamanho: 1.0 m
Velocidade: 25 km/h

Nome: ligabuesaurus
Especie: leanzai
Tipo: sauropod
Dieta: herbivorous
Lugar que habitava: Argentina
Velocidade: 45 km/h

Nome: lophorhothon
Especie: atopus
Dieta: herbivorous
Lugar que habitava: USA
Tamanho: 4.5 m
Velocidade: 50 hm/h

Nome: lophostropheus
Especie: airelensis
Tipo: large theropod
Dieta: carnivorous
Lugar que habitava: France
Tamanho: 6.2 m
Velocidade: 45 km/h

Nome: lycorhinus
Especie: angustidens
Tipo: euornithopod
Dieta: herbivorous
Lugar que habitava: South Africa
Tamanho: 1.2 m
Velocidade: 4 km/h

Nome: magyarosaurus
Especie: dacus
Tipo: sauropod
Dieta: herbivorous
Tamanho: 5.0 m
Velocidade: 60 hm/h

Nome: maiasaura
Especie: peeblesorum
Tipo: euornithopod
Dieta: herbivorous
Lugar que habitava: USA
Velocidade: 40 hm/h

Nome: marshosaurus
Especie: bicentesimus
Tipo: large theropod
Dieta: carnivorous
Lugar que habitava: USA
Tamanho: 6.0 m
Velocidade: 450 hm/h

Nome: massospondylus
Especie: carinatus
Tipo: sauropod
Dieta: omnivorous
Lugar que habitava: South Africa
Tamanho: 4.0 m
Velocidade: 56 km/h

Nome: maxakalisaurus
Especie: topai
Tipo: sauropod
Dieta: herbivorous
Lugar que habitava: Brazil
Tamanho: 13.0 m
Velocidade: 450 hm/h

Nome: megalosaurus
Especie: bucklandii
Tipo: large theropod
Dieta: carnivorous
Lugar que habitava: United Kingdom

Nome: melanorosaurus
Especie: readi
Tipo: sauropod
Dieta: omnivorous
Tamanho: 12.0 m

Nome: microceratus
Especie: gobiensis
Tipo: ceratopsian
Dieta: herbivorous
Lugar que habitava: Mongolia
Tamanho: 0.5 m

Nome: mussaurus
Especie: patagonicus
Tipo: sauropod
Dieta: herbivorous
Lugar que habitava: Argentina
Tamanho: 3.0 m
Velocidade: 38 km/h

Nome: muttaburrasaurus
Especie: langdoni
Tipo: euornithopod
Dieta: herbivorous
Lugar que habitava: Australia
Tamanho: 7.0 m
Velocidade: 60 hm/h

Nome: nanshiungosaurus
Especie: brevispinus
Tipo: large theropod
Dieta: omnivorous
Lugar que habitava: China
Tamanho: 4.4 m

Nome: neuquenosaurus
Especie: australis
Tipo: sauropod
Dieta: herbivorous
Tamanho: 10.0 m
Velocidade: 2500000 cm/h

Nome: nigersaurus
Especie: taqueti
Tipo: sauropod
Dieta: herbivorous
Lugar que habitava: Russia
Tamanho: 15.0 m

Nome: nipponosaurus
Especie: sachalinensis
Tipo: euornithopod
Dieta: herbivorous
Lugar que habitava: Russia
Tamanho: 1.3 m
Velocidade: 20 hm/h

Nome: noasaurus
Especie: leali
Tipo: small theropod
Dieta: carnivorous
Lugar que habitava: Argentina
Tamanho: 1.0 m
Velocidade: 32 km/h

Nome: nodosaurus
Especie: textilis
Tipo: armoured dinosaur
Dieta: herbivorous
Tamanho: 5.0 m
Velocidade: 2200000 cm/h

Nome: omeisaurus
Especie: junghsiensis
Tipo: sauropod
Dieta: herbivorous
Tamanho: 20.0 m
Velocidade: 6 km/h

Nome: opisthocoelicaudia
Especie: skarzynskii
Tipo: sauropod
Dieta: herbivorous
Lugar que habitava: Mongolia
Tamanho: 12.0 m
Velocidade: 44 km/h

Nome: ornitholestes
Especie: hermanni
Tipo: small theropod
Dieta: carnivorous
Lugar que habitava: USA
Tamanho: 2.0 m
Velocidade: 4500000 cm/h

Nome: ornithomimus
Especie: velox
Tipo: large theropod
Dieta: omnivorous
Lugar que habitava: USA
Tamanho: 4.0 m

Nome: oryctodromeus
Especie: cubicularis
Tipo: euornithopod
Dieta: herbivorous
Tamanho: 2.1 m
Velocidade: 3300000 cm/h

Nome: othnielia
Especie: rex
Tipo: euornithopod
Dieta: herbivorous
Lugar que habitava: USA
Tamanho: 1.4 m

Nome: patagosaurus
Especie: fariasi
Tipo: sauropod
Dieta: herbivorous
Lugar que habitava: Argentina
Tamanho: 18.0 m
Velocidade: 250 hm/h

Nome: podokesaurus
Especie: holyokensis
Tipo: small theropod
Dieta: carnivorous
Lugar que habitava: USA
Tamanho: 0.9 m
Velocidade: 2100000 cm/h

Nome: poekilopleuron
Especie: bucklandii
Tipo: large theropod
Dieta: carnivorous
Lugar que habitava: France
Tamanho: 9.0 m
Velocidade: 4500000 cm/h

Nome: probactrosaurus
Especie: gobiensis
Tipo: euornithopod
Dieta: herbivorous
Lugar que habitava: China
Tamanho: 6.0 m
Velocidade: 600000 cm/h

Nome: procompsognathus
Especie: triassicus
Tipo: small theropod
Dieta: carnivorous
Lugar que habitava: Germany
Velocidade: 5600000 cm/h

Nome: prosaurolophus
Especie: maximus
Tipo: euornithopod
Dieta: herbivorous
Lugar que habitava: USA
Tamanho: 7.6 m

Nome: protarchaeopteryx
Especie: robusta
Tipo: small theropod
Dieta: carnivorous
Lugar que habitava: China
Tamanho: 2.0 m

Nome: psittacosaurus
Especie: mongoliensis
Dieta: herbivorous
Lugar que habitava: Russia
Tamanho: 2.0 m
Velocidade: 58 km/h

Nome: saltopus
Especie: elginensis
Tipo: small theropod
Dieta: carnivorous
Tamanho: 5.0 m
Velocidade: 3300000 cm/h

Nome: sarcosaurus
Especie: woodi
Tipo: small theropod
Dieta: carnivorous
Lugar que habitava: United Kingdom
Tamanho: 3.0 m
Velocidade: 32 km/h

Nome: saurophaganax
Especie: maximus
Tipo: large theropod
Dieta: carnivorous
Lugar que habitava: USA
Tamanho: 12.0 m
Velocidade: 25 km/h

Nome: scutellosaurus
Especie: lawleri
Tipo: armoured dinosaur
Dieta: herbivorous
Lugar que habitava: USA
Tamanho: 1.2 m
Velocidade: 25 km/h

Nome: segnosaurus
Especie: galbinensis
Dieta: carnivorous
Lugar que habitava: Mongolia
Tamanho: 4.0 m

Nome: shantungosaurus
Especie: giganteus
Tipo: euornithopod
Dieta: herbivorous
Tamanho: 15.0 m
Velocidade: 2300000 cm/h

Nome: shunosaurus
Especie: lii
Tipo: sauropod
Dieta: herbivorous
Lugar que habitava: China
Velocidade: 38 km/h

Nome: shuvuuia
Especie: deserti
Tipo: small theropod
Dieta: omnivorous
Lugar que habitava: Mongolia
Tamanho: 0.6 m
Velocidade: 6 km/h

Nome: sinovenator
Especie: changii
Tipo: small theropod
Dieta: carnivorous
Lugar que habitava: China
Velocidade: 1100000 cm/h

Nome: sinraptor
Especie: hepingensis
Tipo: large theropod
Dieta: carnivorous
Lugar que habitava: China
Velocidade: 45 km/h

Nome: sonidosaurus
Especie: saihangaobiensis
Dieta: herbivorous
Lugar que habitava: China
Tamanho: 9.0 m
Velocidade: 1300000 cm/h

Nome: spinosaurus
Especie: aegyptiacus
Tipo: large theropod
Dieta: carnivorous
Lugar que habitava: Madagascar
Tamanho: 18.0 m
Velocidade: 3800000 cm/h

Nome: staurikosaurus
Especie: pricei
Tipo: large theropod
Dieta: carnivorous
Tamanho: 2.0 m
Velocidade: 3000000 cm/h

Nome: stegoceras
Especie: validum
Tipo: euornithopod
Dieta: herbivorous
Tamanho: 2.4 m

Nome: stegosaurus
Especie: armatus
Tipo: armoured dinosaur
Dieta: herbivorous
Lugar que habitava: USA
Tamanho: 9.0 m
Velocidade: 120 hm/h

Nome: stenopelix
Especie: valdensis
Tipo: ceratopsian
Dieta: herbivorous
Lugar que habitava: Germany
Tamanho: 1.5 m
Velocidade: 60 hm/h

Nome: styracosaurus
Especie: albertensis
Tipo: ceratopsian
Dieta: herbivorous
Lugar que habitava: USA
Tamanho: 5.5 m
Velocidade: 600000 cm/h

Nome: suchomimus
Especie: tenerensis
Tipo: large theropod
Dieta: carnivorous
Lugar que habitava: Niger
Tamanho: 11.0 m
Velocidade: 58 km/h

Nome: supersaurus
Especie: vivianae
Tipo: sauropod
Dieta: herbivorous
Velocidade: 2000000 cm/h

Nome: tanius
Especie: sinensis
Tipo: euornithopod
Dieta: herbivorous
Tamanho: 4.0 m
Velocidade: 210 hm/h

Nome: telmatosaurus
Especie: transsylvanicus
Tipo: euornithopod
Dieta: herbivorous
Tamanho: 5.0 m
Velocidade: 12 km/h

Nome: tenontosaurus
Especie: tillettorum
Tipo: euornithopod
Dieta: herbivorous
Lugar que habitava: USA
Tamanho: 7.0 m
Velocidade: 24 km/h

Nome: thecodontosaurus
Especie: antiquus
Tipo: sauropod
Dieta: omnivorous
Lugar que habitava: United Kingdom
Tamanho: 2.5 m
Velocidade: 130 hm/h

Nome: therizinosaurus
Especie: cheloniformis
Tipo: large theropod
Dieta: carnivorous
Tamanho: 3.5 m
Velocidade: 270 hm/h

Nome: torosaurus
Especie: latus
Dieta: herbivorous
Lugar que habitava: USA
Tamanho: 7.5 m
Velocidade: 1600000 cm/h

Nome: tsagantegia
Especie: longicranialis
Tipo: armoured dinosaur
Dieta: herbivorous
Lugar que habitava: Mongolia
Tamanho: 1.2 m
Velocidade: 16 km/h

Nome: tylocephale
Especie: gilmorei
Tipo: euornithopod
Dieta: herbivorous
Tamanho: 1.4 m
Velocidade: 60 hm/h

Nome: tyrannosaurus
Especie: rex
Dieta: carnivorous
Lugar que habitava: USA
Tamanho: 12.0 m
Velocidade: 45 km/h

Nome: udanoceratops
Especie: tschizhovi
Dieta: herbivorous
Lugar que habitava: Mongolia
Tamanho: 1.9 m

Nome: unenlagia
Especie: comahuensis
Dieta: carnivorous
Velocidade: 44 km/h

Nome: velociraptor
Especie: mongoliensis
Tipo: small theropod
Dieta: carnivorous
Lugar que habitava: Mongolia
Tamanho: 1.8 m
Velocidade: 2500000 cm/h

Nome: yangchuanosaurus
Especie: shangyouensis
Tipo: large theropod
Dieta: carnivorous
Lugar que habitava: China
Tamanho: 10.0 m
Velocidade: 320 hm/h

Nome: yingshanosaurus
Especie: jichuanensis
Dieta: herbivorous
Tamanho: 2.0 m
Velocidade: 12 km/h

Nome: yuanmousaurus
Especie: jiangyiensis
Tipo: sauropod
Dieta: herbivorous
Tamanho: 17.0 m
Velocidade: 2800000 cm/h

Nome: yunnanosaurus
Especie: huangi
Dieta: omnivorous
Lugar que habitava: China
Velocidade: 34 km/h

Nome: zalmoxes
Especie: robustus
Tipo: euornithopod
Dieta: herbivorous
Tamanho: 3.0 m
Velocidade: 10 km/h

Nome: zephyrosaurus
Especie: schaffi
Dieta: herbivorous
Lugar que habitava: USA
Tamanho: 1.8 m
Velocidade: 5 km/h

Numero de paginas de disco: 32
