Busca 1
Nome: achelousaurus
Especie: horneri
Tipo: ceratopsian
Dieta: herbivorous
Lugar que habitava: USA
Tamanho: 6.0 m
Velocidade: 1500000 cm/h

Nome: acrocanthosaurus
Especie: atokensis
Tipo: large theropod
Dieta: carnivorous
Lugar que habitava: USA
Tamanho: 12.0 m
Velocidade: 6100000 cm/h

Nome: alamosaurus
Especie: sanjuanensis
Tipo: sauropod
Dieta: herbivorous
Lugar que habitava: USA
Tamanho: 21.0 m
Velocidade: 75 km/h

Nome: albertaceratops
Especie: nesmoi
Tipo: ceratopsian
Dieta: herbivorous
Lugar que habitava: USA
Tamanho: 7.0 m
Velocidade: 7500000 cm/h

Nome: allosaurus
Especie: fragilis
Tipo: large theropod
Dieta: carnivorous
Lugar que habitava: USA
Tamanho: 12.0 m
Velocidade: 30 hm/h

Nome: ammosaurus
Especie: major
Tipo: sauropod
Dieta: herbivorous
Lugar que habitava: USA
Tamanho: 5.0 m
Velocidade: 2 km/h

Nome: anchisaurus
Especie: polyzelous
Tipo: sauropod
Dieta: herbivorous
Lugar que habitava: USA
Tamanho: 2.0 m
Velocidade: 200000 cm/h

Nome: ankylosaurus
Especie: magniventris
Tipo: armoured dinosaur
Dieta: herbivorous
Lugar que habitava: USA
Tamanho: 7.0 m
Velocidade: 640 hm/h

Nome: apatosaurus
Especie: ajax
Tipo: sauropod
Dieta: herbivorous
Lugar que habitava: USA
Tamanho: 21.0 m
Velocidade: 14 km/h

Nome: avaceratops
Especie: lammersi
Tipo: ceratopsian
Dieta: herbivorous
Lugar que habitava: USA
Tamanho: 2.3 m
Velocidade: 80 km/h

Nome: bambiraptor
Especie: feinbergorum
Tipo: small theropod
Dieta: carnivorous
Lugar que habitava: USA
Tamanho: 1.0 m
Velocidade: 470 hm/h

Nome: barosaurus
Especie: lentus
Tipo: sauropod
Dieta: herbivorous
Lugar que habitava: USA
Tamanho: 24.0 m
Velocidade: 51 km/h

Nome: brachiosaurus
Especie: altithorax
Tipo: sauropod
Dieta: herbivorous
Lugar que habitava: USA
Tamanho: 30.0 m
Velocidade: 210 hm/h

Nome: brachylophosaurus
Especie: canadensis
Tipo: euornithopod
Dieta: herbivorous
Lugar que habitava: USA
Tamanho: 7.0 m
Velocidade: 730 hm/h

Nome: camarasaurus
Especie: supremus
Tipo: sauropod
Dieta: herbivorous
Lugar que habitava: USA
Tamanho: 23.0 m
Velocidade: 400000 cm/h

Nome: camptosaurus
Especie: dispar
Tipo: euornithopod
Dieta: herbivorous
Lugar que habitava: USA
Tamanho: 5.0 m
Velocidade: 8900000 cm/h

Nome: cedarpelta
Especie: bilbeyhallorum
Tipo: armoured dinosaur
Dieta: herbivorous
Lugar que habitava: USA
Tamanho: 10.0 m
Velocidade: 9000000 cm/h

Nome: ceratosaurus
Especie: nasicornis
Tipo: large theropod
Dieta: carnivorous
Lugar que habitava: USA
Tamanho: 6.0 m
Velocidade: 2 km/h

Nome: chindesaurus
Especie: bryansmalli
Tipo: small theropod
Dieta: carnivorous
Lugar que habitava: USA
Tamanho: 4.0 m
Velocidade: 4400000 cm/h

Nome: coelurus
Especie: fragilis
Tipo: small theropod
Dieta: carnivorous
Lugar que habitava: USA
Tamanho: 1.8 m
Velocidade: 500 hm/h

Nome: corythosaurus
Especie: casuarius
Tipo: euornithopod
Dieta: herbivorous
Lugar que habitava: USA
Tamanho: 10.0 m
Velocidade: 40 hm/h

Nome: deinonychus
Especie: antirrhopus
Tipo: small theropod
Dieta: carnivorous
Lugar que habitava: USA
Tamanho: 3.0 m
Velocidade: 440 hm/h

Nome: dilophosaurus
Especie: gonzalezorum
Tipo: large theropod
Dieta: carnivorous
Lugar que habitava: USA
Tamanho: 6.0 m
Velocidade: 6200000 cm/h

Nome: diplodocus
Especie: longus
Tipo: sauropod
Dieta: herbivorous
Lugar que habitava: USA
Tamanho: 26.0 m
Velocidade: 1000 hm/h

Nome: dromaeosaurus
Especie: albertensis
Tipo: small theropod
Dieta: carnivorous
Lugar que habitava: USA
Tamanho: 1.8 m
Velocidade: 140 hm/h

Nome: dryosaurus
Especie: altus
Tipo: euornithopod
Dieta: herbivorous
Lugar que habitava: USA
Tamanho: 4.0 m
Velocidade: 480 hm/h

Nome: dryptosaurus
Especie: aquilunguis
Tipo: large theropod
Dieta: carnivorous
Lugar que habitava: USA
Tamanho: 6.4 m
Velocidade: 1500000 cm/h

Nome: einiosaurus
Especie: procurvicornis
Tipo: ceratopsian
Dieta: herbivorous
Lugar que habitava: USA
Tamanho: 6.0 m
Velocidade: 620 hm/h

Nome: eolambia
Especie: caroljonesa
Tipo: euornithopod
Dieta: herbivorous
Lugar que habitava: USA
Tamanho: 3.2 m
Velocidade: 8000000 cm/h

Nome: euoplocephalus
Especie: gonzalezorum
Tipo: armoured dinosaur
Dieta: herbivorous
Lugar que habitava: USA
Tamanho: 7.0 m
Velocidade: 41 km/h

Nome: gargoyleosaurus
Especie: parkpinorum
Tipo: armoured dinosaur
Dieta: herbivorous
Lugar que habitava: USA
Tamanho: 4.0 m
Velocidade: 710 hm/h

Nome: gastonia
Especie: burgei
Tipo: armoured dinosaur
Dieta: herbivorous
Lugar que habitava: USA
Tamanho: 4.6 m
Velocidade: 8 km/h

Nome: gorgosaurus
Especie: libratus
Tipo: large theropod
Dieta: carnivorous
Lugar que habitava: USA
Tamanho: 8.6 m
Velocidade: 80 hm/h

Nome: gryposaurus
Especie: notabilis
Tipo: euornithopod
Dieta: herbivorous
Lugar que habitava: USA
Tamanho: 10.0 m
Velocidade: 33 km/h

Nome: hadrosaurus
Especie: foulkii
Tipo: euornithopod
Dieta: herbivorous
Lugar que habitava: USA
Tamanho: 9.0 m
Velocidade: 2800000 cm/h

Nome: hagryphus
Especie: giganteus
Tipo: small theropod
Dieta: omnivorous
Lugar que habitava: USA
Tamanho: 3.0 m
Velocidade: 700000 cm/h

Nome: haplocanthosaurus
Especie: priscus
Tipo: sauropod
Dieta: herbivorous
Lugar que habitava: USA
Tamanho: 21.5 m
Velocidade: 730 hm/h

Nome: hesperosaurus
Especie: mjosi
Tipo: armoured dinosaur
Dieta: herbivorous
Lugar que habitava: USA
Tamanho: 6.0 m
Velocidade: 34 km/h

Nome: hypacrosaurus
Especie: altispinus
Tipo: euornithopod
Dieta: herbivorous
Lugar que habitava: USA
Tamanho: 9.0 m
Velocidade: 3700000 cm/h

Nome: kritosaurus
Especie: navajovius
Tipo: euornithopod
Dieta: herbivorous
Lugar que habitava: USA
Tamanho: 8.0 m
Velocidade: 2700000 cm/h

Nome: leptoceratops
Especie: gracilis
Tipo: ceratopsian
Dieta: herbivorous
Lugar que habitava: USA
Tamanho: 3.0 m
Velocidade: 9000000 cm/h

Nome: lophorhothon
Especie: atopus
Tipo: euornithopod
Dieta: herbivorous
Lugar que habitava: USA
Tamanho: 4.5 m
Velocidade: 960 hm/h

Nome: maiasaura
Especie: peeblesorum
Tipo: euornithopod
Dieta: herbivorous
Lugar que habitava: USA
Tamanho: 9.0 m
Velocidade: 150 hm/h

Nome: marshosaurus
Especie: bicentesimus
Tipo: large theropod
Dieta: carnivorous
Lugar que habitava: USA
Tamanho: 6.0 m
Velocidade: 320 hm/h

Nome: nedoceratops
Especie: hatcheri
Tipo: ceratopsian
Dieta: herbivorous
Lugar que habitava: USA
Tamanho: 7.0 m
Velocidade: 62 km/h

Nome: nodosaurus
Especie: textilis
Tipo: armoured dinosaur
Dieta: herbivorous
Lugar que habitava: USA
Tamanho: 5.0 m
Velocidade: 27 km/h

Nome: nothronychus
Especie: mckinleyi
Tipo: large theropod
Dieta: omnivorous
Lugar que habitava: USA
Tamanho: 5.3 m
Velocidade: 7700000 cm/h

Nome: ornitholestes
Especie: hermanni
Tipo: small theropod
Dieta: carnivorous
Lugar que habitava: USA
Tamanho: 2.0 m
Velocidade: 2700000 cm/h

Nome: ornithomimus
Especie: velox
Tipo: large theropod
Dieta: omnivorous
Lugar que habitava: USA
Tamanho: 4.0 m
Velocidade: 9 km/h

Nome: orodromeus
Especie: makelai
Tipo: euornithopod
Dieta: herbivorous
Lugar que habitava: USA
Tamanho: 2.0 m
Velocidade: 620 hm/h

Nome: oryctodromeus
Especie: cubicularis
Tipo: euornithopod
Dieta: herbivorous
Lugar que habitava: USA
Tamanho: 2.1 m
Velocidade: 370 hm/h

Nome: othnielia
Especie: rex
Tipo: euornithopod
Dieta: herbivorous
Lugar que habitava: USA
Tamanho: 1.4 m
Velocidade: 9700000 cm/h

Nome: pachycephalosaurus
Especie: wyomingensis
Tipo: euornithopod
Dieta: herbivorous
Lugar que habitava: USA
Tamanho: 8.0 m
Velocidade: 24 km/h

Nome: panoplosaurus
Especie: mirus
Tipo: armoured dinosaur
Dieta: herbivorous
Lugar que habitava: USA
Tamanho: 7.0 m
Velocidade: 5900000 cm/h

Nome: parasaurolophus
Especie: walkeri
Tipo: euornithopod
Dieta: herbivorous
Lugar que habitava: USA
Tamanho: 11.0 m
Velocidade: 880 hm/h

Nome: pentaceratops
Especie: sternbergi
Tipo: ceratopsian
Dieta: herbivorous
Lugar que habitava: USA
Tamanho: 6.8 m
Velocidade: 12 km/h

Nome: podokesaurus
Especie: holyokensis
Tipo: small theropod
Dieta: carnivorous
Lugar que habitava: USA
Tamanho: 0.9 m
Velocidade: 5600000 cm/h

Nome: prosaurolophus
Especie: maximus
Tipo: euornithopod
Dieta: herbivorous
Lugar que habitava: USA
Tamanho: 7.6 m
Velocidade: 8700000 cm/h

Nome: protohadros
Especie: byrdi
Tipo: euornithopod
Dieta: herbivorous
Lugar que habitava: USA
Tamanho: 6.0 m
Velocidade: 100000 cm/h

Nome: sauropelta
Especie: edwardsorum
Tipo: armoured dinosaur
Dieta: herbivorous
Lugar que habitava: USA
Tamanho: 6.5 m
Velocidade: 38 km/h

Nome: saurophaganax
Especie: maximus
Tipo: large theropod
Dieta: carnivorous
Lugar que habitava: USA
Tamanho: 12.0 m
Velocidade: 2400000 cm/h

Nome: scutellosaurus
Especie: lawleri
Tipo: armoured dinosaur
Dieta: herbivorous
Lugar que habitava: USA
Tamanho: 1.2 m
Velocidade: 700 hm/h

Nome: segisaurus
Especie: halli
Tipo: small theropod
Dieta: carnivorous
Lugar que habitava: USA
Tamanho: 1.5 m
Velocidade: 1100000 cm/h

Nome: silvisaurus
Especie: condrayi
Tipo: armoured dinosaur
Dieta: herbivorous
Lugar que habitava: USA
Tamanho: 4.0 m
Velocidade: 9300000 cm/h

Nome: stegoceras
Especie: validum
Tipo: euornithopod
Dieta: herbivorous
Lugar que habitava: USA
Tamanho: 2.4 m
Velocidade: 200 hm/h

Nome: stegosaurus
Especie: armatus
Tipo: armoured dinosaur
Dieta: herbivorous
Lugar que habitava: USA
Tamanho: 9.0 m
Velocidade: 96 km/h

Nome: styracosaurus
Especie: albertensis
Tipo: ceratopsian
Dieta: herbivorous
Lugar que habitava: USA
Tamanho: 5.5 m
Velocidade: 4000000 cm/h

Nome: supersaurus
Especie: vivianae
Tipo: sauropod
Dieta: herbivorous
Lugar que habitava: USA
Tamanho: 35.0 m
Velocidade: 8200000 cm/h

Nome: tenontosaurus
Especie: tillettorum
Tipo: euornithopod
Dieta: herbivorous
Lugar que habitava: USA
Tamanho: 7.0 m
Velocidade: 5000000 cm/h

Nome: thescelosaurus
Especie: neglectus
Tipo: euornithopod
Dieta: herbivorous
Lugar que habitava: USA
Tamanho: 3.5 m
Velocidade: 94 km/h

Nome: torosaurus
Especie: latus
Tipo: ceratopsian
Dieta: herbivorous
Lugar que habitava: USA
Tamanho: 7.5 m
Velocidade: 420 hm/h

Nome: torvosaurus
Especie: tanneri
Tipo: large theropod
Dieta: carnivorous
Lugar que habitava: USA
Tamanho: 10.0 m
Velocidade: 99 km/h

Nome: triceratops
Especie: horridus
Tipo: ceratopsian
Dieta: herbivorous
Lugar que habitava: USA
Tamanho: 9.0 m
Velocidade: 70 hm/h

Nome: troodon
Especie: formosus
Tipo: small theropod
Dieta: carnivorous
Lugar que habitava: USA
Tamanho: 2.0 m
Velocidade: 1600000 cm/h

Nome: tyrannosaurus
Especie: rex
Tipo: large theropod
Dieta: carnivorous
Lugar que habitava: USA
Tamanho: 12.0 m
Velocidade: 48 km/h

Nome: utahraptor
Especie: ostrommaysorum
Tipo: large theropod
Dieta: carnivorous
Lugar que habitava: USA
Tamanho: 6.0 m
Velocidade: 320 hm/h

Nome: zephyrosaurus
Especie: schaffi
Tipo: euornithopod
Dieta: herbivorous
Lugar que habitava: USA
Tamanho: 1.8 m
Velocidade: 750 hm/h

Nome: zuniceratops
Especie: christopheri
Tipo: ceratopsian
Dieta: herbivorous
Lugar que habitava: USA
Tamanho: 1.2 m
Velocidade: 720 hm/h

Nome: Araucaria araucana
Especie: araucana
Tipo: Plant
Dieta: photosynthesis
Lugar que habitava: USA
Tamanho: 8.3 m
Velocidade: 1800000 cm/h

Nome: Cladoselache
Especie: cladoselache
Tipo: Fish
Dieta: carnivorous
Lugar que habitava: USA
Tamanho: 2.0 m
Velocidade: 760 hm/h

Numero de paginas de disco: 37

Busca 2
Nome: anserimimus
Especie: planinychus
Tipo: large theropod
Dieta: carnivorous
Lugar que habitava: Mongolia
Tamanho: 3.5 m
Velocidade: 6000000 cm/h

Nome: archaeornithomimus
Especie: asiaticus
Tipo: small theropod
Dieta: carnivorous
Lugar que habitava: Uzbekistan
Tamanho: 3.5 m
Velocidade: 49 km/h

Nome: dromiceiomimus
Especie: brevitertius
Tipo: large theropod
Dieta: omnivorous
Lugar que habitava: Canada
Tamanho: 3.5 m
Velocidade: 950 hm/h

Nome: therizinosaurus
Especie: cheloniformis
Tipo: large theropod
Dieta: carnivorous
Lugar que habitava: Mongolia
Tamanho: 3.5 m
Velocidade: 310 hm/h

Nome: thescelosaurus
Especie: neglectus
Tipo: euornithopod
Dieta: herbivorous
Lugar que habitava: USA
Tamanho: 3.5 m
Velocidade: 94 km/h

Numero de paginas de disco: 37
